npm error code ERESOLVE
npm error ERESOLVE could not resolve
npm error
npm error While resolving: @react-three/drei@10.1.2
npm error Found: react@18.3.1
npm error node_modules/react
npm error   peer react@">= 16.8.0" from @use-gesture/react@10.3.1
npm error   node_modules/@use-gesture/react
npm error     @use-gesture/react@"^10.3.1" from @react-three/drei@10.1.2
npm error     node_modules/@react-three/drei
npm error       @react-three/drei@"^10.1.2" from the root project
npm error   peerOptional react@"^18.0.0 || ^19.0.0" from framer-motion@12.16.0
npm error   node_modules/framer-motion
npm error     framer-motion@"^12.16.0" from motion@12.16.0
npm error     node_modules/motion
npm error       motion@"^12.16.0" from the root project
npm error   13 more (motion, next, next-themes, react-dom, react-icons, ...)
npm error
npm error Could not resolve dependency:
npm error peer react@"^19" from @react-three/drei@10.1.2
npm error node_modules/@react-three/drei
npm error   @react-three/drei@"^10.1.2" from the root project
npm error
npm error Conflicting peer dependency: react@19.1.0
npm error node_modules/react
npm error   peer react@"^19" from @react-three/drei@10.1.2
npm error   node_modules/@react-three/drei
npm error     @react-three/drei@"^10.1.2" from the root project
npm error
npm error Fix the upstream dependency conflict, or retry
npm error this command with --force or --legacy-peer-deps
npm error to accept an incorrect (and potentially broken) dependency resolution.
npm error
npm error
npm error For a full report see:
npm error C:\Users\danie\AppData\Local\npm-cache\_logs\2025-06-04T13_23_29_816Z-eresolve-report.txt
npm error A complete log of this run can be found in: C:\Users\danie\AppData\Local\npm-cache\_logs\2025-06-04T13_23_29_816Z-debug-0.log
